nohup: ignoring input
/opt/conda/lib/python3.11/site-packages/mlflow/pyfunc/utils/data_validation.py:186: UserWarning: [33mAdd type hints to the `predict` method to enable data validation and automatic signature inference during model logging. Check https://mlflow.org/docs/latest/model/python_model.html#type-hint-usage-in-pythonmodel for more details.[0m
  color_warning(
/home/jovyan/veronet_algorithm/src/utils/load_data.py:125: DtypeWarning: Columns (19,20,21,50,51,104,105,106) have mixed types. Specify dtype option on import or set low_memory=False.
  complete_df = pd.read_csv(raw_labels_file, on_bad_lines='skip',sep=',')
/home/jovyan/veronet_algorithm/src/utils/load_data.py:135: DtypeWarning: Columns (19,20,21,50,51,104,105,106) have mixed types. Specify dtype option on import or set low_memory=False.
  complete_df = pd.read_csv(raw_labels_file, on_bad_lines='skip',sep=',')
/opt/conda/lib/python3.11/site-packages/monai/networks/nets/resnet.py:668: FutureWarning: You are using `torch.load` with `weights_only=False` (the current default value), which uses the default pickle module implicitly. It is possible to construct malicious pickle data which will execute arbitrary code during unpickling (See https://github.com/pytorch/pytorch/blob/main/SECURITY.md#untrusted-models for more details). In a future release, the default value for `weights_only` will be flipped to `True`. This limits the functions that could be executed during unpickling. Arbitrary objects will no longer be allowed to be loaded via this mode unless they are explicitly allowlisted by the user via `torch.serialization.add_safe_globals`. We recommend you start setting `weights_only=True` for any use case where you don't have full control of the loaded file. Please open an issue on GitHub for any issues related to this experimental feature.
  checkpoint = torch.load(pretrained_path, map_location=torch.device(device))
<IPython.core.display.HTML object>

irBoost.SH training: Iteration 1/10.
Sample weights: 1        1
2        1
4        1
5        1
6        1
        ..
11501    1
11502    1
11503    1
11504    1
11505    1
Length: 9206, dtype: int64
q_mods: clinical    0.5
images      0.5
Winning modality: images.
Model architecture: NeuralNetworkFitter.
START Training images modality...
Unfreezed
Epoca 1/100, Loss: 1.0582579374313354
Epoca 2/100, Loss: 1.137812614440918
Epoca 3/100, Loss: 1.0604641437530518
Epoca 4/100, Loss: 1.0768533945083618
Epoca 5/100, Loss: 1.1116058826446533
Epoca 6/100, Loss: 1.061560034751892
Epoca 7/100, Loss: 1.0268566608428955
Epoca 8/100, Loss: 1.160097599029541
Epoca 9/100, Loss: 1.1240043640136719
Epoca 10/100, Loss: 1.0978306531906128
Epoca 11/100, Loss: 0.9625041484832764
Epoca 12/100, Loss: 1.1347936391830444
Epoca 13/100, Loss: 1.1113845109939575
Epoca 14/100, Loss: 1.0898340940475464
Epoca 15/100, Loss: 1.0340427160263062
Epoca 16/100, Loss: 0.9963319897651672
Epoca 17/100, Loss: 1.0127614736557007
Epoca 18/100, Loss: 0.9827260375022888
Epoca 19/100, Loss: 1.0696136951446533
Epoca 20/100, Loss: 1.1820120811462402
Epoca 21/100, Loss: 1.1171804666519165
Epoca 22/100, Loss: 1.1314727067947388
Epoca 23/100, Loss: 1.0838357210159302
Epoca 24/100, Loss: 0.9750959873199463
Epoca 25/100, Loss: 1.0683343410491943
Epoca 26/100, Loss: 1.047916054725647
Epoca 27/100, Loss: 0.9876877665519714
Epoca 28/100, Loss: 1.063904047012329
Epoca 29/100, Loss: 1.0144658088684082
Epoca 30/100, Loss: 0.9832708835601807
Epoca 31/100, Loss: 0.9799761772155762
Epoca 32/100, Loss: 1.0330156087875366
Epoca 33/100, Loss: 0.9665466547012329
Epoca 34/100, Loss: 0.9117473363876343
Epoca 35/100, Loss: 0.9806554913520813
Epoca 36/100, Loss: 0.9897895455360413
Epoca 37/100, Loss: 0.9786633253097534
Epoca 38/100, Loss: 0.9021048545837402
Epoca 39/100, Loss: 0.9923858642578125
Epoca 40/100, Loss: 1.0083006620407104
Epoca 41/100, Loss: 0.8764394521713257
Epoca 42/100, Loss: 1.1525791883468628
Epoca 43/100, Loss: 1.0095103979110718
Epoca 44/100, Loss: 0.8582762479782104
Epoca 45/100, Loss: 0.8401411771774292
Epoca 46/100, Loss: 1.3415759801864624
Epoca 47/100, Loss: 0.8788564205169678
Epoca 48/100, Loss: 0.7176561951637268
Epoca 49/100, Loss: 1.1995034217834473
Epoca 50/100, Loss: 0.8831228613853455
Epoca 51/100, Loss: 0.5379742980003357
Epoca 52/100, Loss: 0.7629154324531555
Epoca 53/100, Loss: 0.5502293109893799
Epoca 54/100, Loss: 0.6424354314804077
Epoca 55/100, Loss: 0.7179864645004272
Epoca 56/100, Loss: 0.529660165309906
Epoca 57/100, Loss: 0.9116032123565674
Epoca 58/100, Loss: 0.7445173263549805
Epoca 59/100, Loss: 0.8089420795440674
Epoca 60/100, Loss: 0.5574430823326111
Epoca 61/100, Loss: 0.5804862380027771
Epoca 62/100, Loss: 0.5645225644111633
Epoca 63/100, Loss: 0.6107529401779175
Epoca 64/100, Loss: 0.45831868052482605
Epoca 65/100, Loss: 0.8722492456436157
Epoca 66/100, Loss: 0.9321544766426086
Epoca 67/100, Loss: 0.3411315679550171
Epoca 68/100, Loss: 0.4705774784088135
Epoca 69/100, Loss: 0.7720972299575806
Epoca 70/100, Loss: 0.4877033233642578
Epoca 71/100, Loss: 0.7189010977745056
Epoca 72/100, Loss: 0.5765960216522217
Epoca 73/100, Loss: 0.3525077700614929
Epoca 74/100, Loss: 0.3975759446620941
Epoca 75/100, Loss: 0.5537744760513306
Epoca 76/100, Loss: 0.3447825312614441
Epoca 77/100, Loss: 0.3773491680622101
Epoca 78/100, Loss: 0.43280914425849915
Epoca 79/100, Loss: 0.5470396280288696
Epoca 80/100, Loss: 0.24524927139282227
Epoca 81/100, Loss: 0.5304116606712341
Epoca 82/100, Loss: 0.4436471164226532
Epoca 83/100, Loss: 0.77459317445755
Epoca 84/100, Loss: 0.3240601718425751
Epoca 85/100, Loss: 0.2672129273414612
Epoca 86/100, Loss: 0.2233177125453949
Epoca 87/100, Loss: 0.20002980530261993
Epoca 88/100, Loss: 0.2960229814052582
Epoca 89/100, Loss: 2.1579713821411133
Epoca 90/100, Loss: 0.29442697763442993
Epoca 91/100, Loss: 0.2013515681028366
Epoca 92/100, Loss: 0.20504513382911682
Epoca 93/100, Loss: 0.39198818802833557
Epoca 94/100, Loss: 0.23898819088935852
Epoca 95/100, Loss: 0.31340834498405457
Epoca 96/100, Loss: 0.28032582998275757
Epoca 97/100, Loss: 0.23393754661083221
Epoca 98/100, Loss: 0.22971753776073456
Epoca 99/100, Loss: 0.10866132378578186
Epoca 100/100, Loss: 0.16485601663589478
END Training images modality...
tensor([[1.3259e-04, 9.5012e-01, 4.9749e-02],
        [3.6085e-02, 4.6126e-01, 5.0266e-01],
        [3.4108e-07, 3.4120e-02, 9.6588e-01],
        ...,
        [9.9625e-01, 3.7445e-03, 4.3621e-06],
        [4.0835e-02, 4.9260e-01, 4.6656e-01],
        [4.2537e-08, 1.8116e-02, 9.8188e-01]], device='cuda:0')
Forecast: tensor([2, 3, 3, 3, 1, 1, 1, 1, 2, 2, 2, 3, 1, 1, 2, 3, 1, 3, 3, 2, 2, 3, 3, 2,
        3, 1, 3, 3, 1, 2, 3, 1, 2, 3, 3, 1, 2, 2, 1, 3, 2, 2, 1, 3, 2, 3, 3, 2,
        1, 1, 3, 2, 3, 3, 3, 2, 3, 3, 3, 3, 1, 1, 2, 2, 3, 3, 2, 1, 2, 2, 3, 1,
        3, 1, 1, 2, 3, 3, 1, 3, 2, 1, 3, 3, 2, 3, 1, 3, 1, 3, 3, 3, 2, 1, 1, 1,
        3, 3, 1, 1, 2, 3, 1, 2, 2, 1, 3, 1, 3, 1, 2, 3, 2, 3, 2, 1, 1, 1, 3, 1,
        3, 3, 3, 2, 1, 1, 2, 2, 3, 2, 2, 1, 2, 3, 2, 1, 3, 3, 1, 2, 1, 1, 3, 2,
        1, 1, 1, 1, 2, 2, 3, 2, 1, 2, 2, 3, 1, 2, 2, 3, 1, 3, 1, 1, 3, 2, 1, 2,
        3, 3, 2, 1, 2, 3, 1, 2, 1, 1, 3, 1, 2, 1, 3, 2, 2, 3, 1, 3, 2, 2, 2, 3,
        3, 3, 3, 3, 1, 2, 3, 2, 3, 3, 3, 1, 1, 1, 3, 1, 1, 3, 3, 2, 1, 2, 2, 2,
        1, 2, 1, 1, 2, 3, 3, 3, 2, 2, 3, 1, 3, 3, 2, 3, 2, 2, 3, 2, 1, 3, 2, 1,
        2, 1, 2, 2, 2, 1, 1, 1, 3, 1, 1, 2, 3, 3, 2, 1, 2, 2, 3, 3, 2, 2, 3, 3,
        1, 3, 3, 2, 3, 1, 3, 3, 3, 2, 3, 2, 3, 1, 3, 2, 1, 1, 2, 1, 3, 2, 1, 1,
        2, 2, 1, 2, 3, 3, 3, 3, 2, 2, 1, 2, 3, 2, 1, 3, 3, 2, 2, 2, 2, 3, 3, 1,
        2, 3, 3, 2, 3, 3, 1, 3, 3, 2, 3, 3, 3, 2, 3, 3, 1, 3, 2, 2, 1, 1, 1, 3,
        1, 2, 3, 3, 3, 2, 1, 3, 1, 3, 2, 1, 1, 1, 2, 1, 2, 2, 1, 2, 3, 3, 1, 2,
        1, 1, 3, 1, 1, 3, 3, 2, 3, 2, 2, 2, 2, 2, 2, 3, 3, 3, 1, 1, 3, 1, 1, 3,
        2, 3, 2, 1, 1, 1, 3, 1, 1, 3, 2, 2, 3, 2, 1, 2, 1, 3, 3, 2, 2, 2, 1, 2,
        3, 1, 2, 2, 2, 2, 2, 1, 2, 1, 3, 1, 1, 1, 3, 1, 1, 3, 1, 2, 3, 3, 2, 2,
        3, 1, 2, 3, 3, 3, 2, 3, 2, 3, 2, 2, 2, 2, 3, 3, 3, 1, 2, 3, 3, 2, 2, 1,
        2, 2, 3, 2, 2, 1, 2, 1, 1, 2, 1, 1, 2, 3, 1, 2, 1, 2, 1, 2, 3, 1, 3, 3,
        2, 1, 2, 2, 1, 1, 2, 2, 1, 1, 1, 3, 3, 1, 2, 1, 2, 2, 2, 3, 1, 1, 1, 1,
        3, 1, 3, 3, 3, 3, 2, 2, 2, 1, 2, 3, 2, 3, 2, 2, 1, 3, 2, 3, 2, 3, 2, 3,
        2, 3, 2, 3, 3, 2, 1, 2, 2, 3, 1, 2, 1, 2, 2, 2, 2, 2, 3, 2, 2, 1, 3, 3,
        2, 1, 3, 2, 3, 3, 1, 3, 2, 2, 3, 2, 3, 1, 1, 1, 1, 2, 3],
       device='cuda:0')
Edge 0.06479469910927657

irBoost.SH training: Iteration 2/10.
Sample weights: 1        0.000109
2        0.000109
4        0.000109
5        0.000109
6        0.000109
           ...   
11501    0.000109
11502    0.000109
11503    0.000109
11504    0.000109
11505    0.000109
Length: 9206, dtype: float64
q_mods: clinical    0.499963
images      0.500037
Winning modality: images.
Model architecture: NeuralNetworkFitter.
START Training images modality...
Unfreezed
Epoca 1/100, Loss: 1.119033694267273
Epoca 2/100, Loss: 1.0801724195480347
Epoca 3/100, Loss: 1.0113673210144043
Epoca 4/100, Loss: 1.1360864639282227
Epoca 5/100, Loss: 1.1430790424346924
Epoca 6/100, Loss: 1.1275266408920288
Epoca 7/100, Loss: 1.0793261528015137
Epoca 8/100, Loss: 1.0843794345855713
Epoca 9/100, Loss: 1.085968255996704
Epoca 10/100, Loss: 1.0226941108703613
Epoca 11/100, Loss: 1.0430625677108765
Epoca 12/100, Loss: 0.9494306445121765
Epoca 13/100, Loss: 1.2062572240829468
Epoca 14/100, Loss: 1.0341657400131226
Epoca 15/100, Loss: 1.0738656520843506
Epoca 16/100, Loss: 1.0300456285476685
Epoca 17/100, Loss: 1.0641536712646484
Epoca 18/100, Loss: 1.0725200176239014
Epoca 19/100, Loss: 0.9982928037643433
Epoca 20/100, Loss: 0.9311221837997437
Epoca 21/100, Loss: 1.0701206922531128
Epoca 22/100, Loss: 1.0171334743499756
Epoca 23/100, Loss: 1.0480122566223145
Epoca 24/100, Loss: 0.9329725503921509
Epoca 25/100, Loss: 1.109864592552185
Epoca 26/100, Loss: 0.8978446125984192
Epoca 27/100, Loss: 0.9632809162139893
Epoca 28/100, Loss: 0.7920305728912354
Epoca 29/100, Loss: 0.9384552836418152
Epoca 30/100, Loss: 0.7582705020904541
Epoca 31/100, Loss: 0.846759021282196
Epoca 32/100, Loss: 0.6389418244361877
Epoca 33/100, Loss: 0.6721123456954956
Epoca 34/100, Loss: 0.6865590810775757
Epoca 35/100, Loss: 0.5401111841201782
Epoca 36/100, Loss: 0.6114268898963928
Epoca 37/100, Loss: 0.5873234868049622
Epoca 38/100, Loss: 0.5219021439552307
Epoca 39/100, Loss: 0.5934698581695557
Epoca 40/100, Loss: 0.7209513187408447
Epoca 41/100, Loss: 0.5113268494606018
Epoca 42/100, Loss: 0.4217793941497803
Epoca 43/100, Loss: 1.033899188041687
Epoca 44/100, Loss: 0.431657999753952
Epoca 45/100, Loss: 0.4996882677078247
Epoca 46/100, Loss: 0.4403839707374573
Epoca 47/100, Loss: 0.3492538630962372
Epoca 48/100, Loss: 0.622668981552124
Epoca 49/100, Loss: 0.3103373944759369
Epoca 50/100, Loss: 0.41787052154541016
Epoca 51/100, Loss: 0.4336274266242981
Epoca 52/100, Loss: 0.22724275290966034
Epoca 53/100, Loss: 0.1838528960943222
Epoca 54/100, Loss: 0.31962764263153076
Epoca 55/100, Loss: 0.13271936774253845
Epoca 56/100, Loss: 0.20951323211193085
Epoca 57/100, Loss: 0.1433803141117096
Epoca 58/100, Loss: 0.19139941036701202
Epoca 59/100, Loss: 0.24513185024261475
Epoca 60/100, Loss: 0.49818161129951477
Epoca 61/100, Loss: 0.17406463623046875
Epoca 62/100, Loss: 0.24328289926052094
Epoca 63/100, Loss: 0.156184583902359
Epoca 64/100, Loss: 0.12264172732830048
Epoca 65/100, Loss: 0.17812296748161316
Epoca 66/100, Loss: 0.05662417784333229
Epoca 67/100, Loss: 0.1829509735107422
Epoca 68/100, Loss: 0.0874747782945633
Epoca 69/100, Loss: 0.14670723676681519
Epoca 70/100, Loss: 0.19404888153076172
Epoca 71/100, Loss: 0.17407795786857605
Epoca 72/100, Loss: 0.05108807981014252
Epoca 73/100, Loss: 0.0627969428896904
Epoca 74/100, Loss: 0.13313819468021393
Epoca 75/100, Loss: 0.027295449748635292
Epoca 76/100, Loss: 0.014231715351343155
Epoca 77/100, Loss: 0.04332082346081734
Epoca 78/100, Loss: 0.049572233110666275
Epoca 79/100, Loss: 0.1759643405675888
Epoca 80/100, Loss: 0.059512365609407425
Epoca 81/100, Loss: 0.08686869591474533
Epoca 82/100, Loss: 0.038780391216278076
Epoca 83/100, Loss: 0.03924139589071274
Epoca 84/100, Loss: 0.030473142862319946
Epoca 85/100, Loss: 0.023343294858932495
Epoca 86/100, Loss: 0.05817431956529617
Epoca 87/100, Loss: 0.024850670248270035
Epoca 88/100, Loss: 0.02350212261080742
Epoca 89/100, Loss: 0.04653187096118927
Epoca 90/100, Loss: 0.01780911721289158
Epoca 91/100, Loss: 0.006999315228313208
Epoca 92/100, Loss: 0.15692678093910217
Epoca 93/100, Loss: 0.016488566994667053
Epoca 94/100, Loss: 0.20821815729141235
Epoca 95/100, Loss: 0.11368583142757416
Epoca 96/100, Loss: 0.08647684007883072
Epoca 97/100, Loss: 0.09758304804563522
Epoca 98/100, Loss: 0.09398586302995682
Epoca 99/100, Loss: 0.017065897583961487
Epoca 100/100, Loss: 0.11018402129411697
END Training images modality...
tensor([[5.6207e-07, 5.3504e-02, 9.4650e-01],
        [8.9586e-06, 1.9428e-01, 8.0571e-01],
        [6.4553e-15, 7.1444e-04, 9.9929e-01],
        ...,
        [9.9415e-01, 5.8529e-03, 2.1247e-11],
        [3.2710e-02, 9.6728e-01, 9.8686e-06],
        [5.3081e-05, 1.5179e-01, 8.4816e-01]], device='cuda:0')
Forecast: tensor([3, 3, 3, 3, 1, 1, 1, 1, 2, 3, 3, 3, 1, 3, 2, 3, 1, 3, 3, 2, 2, 3, 3, 2,
        3, 1, 3, 3, 1, 2, 3, 1, 2, 3, 2, 1, 1, 3, 1, 3, 2, 2, 1, 3, 2, 3, 3, 2,
        1, 1, 2, 2, 2, 2, 3, 2, 3, 2, 3, 3, 1, 1, 2, 2, 1, 2, 2, 2, 2, 1, 3, 1,
        2, 1, 1, 2, 3, 3, 1, 3, 2, 1, 3, 3, 3, 3, 1, 3, 1, 2, 3, 3, 2, 1, 1, 1,
        3, 3, 1, 2, 2, 2, 1, 2, 1, 1, 3, 1, 3, 1, 2, 3, 3, 3, 2, 2, 1, 1, 2, 1,
        3, 2, 3, 2, 1, 1, 2, 2, 3, 1, 2, 1, 2, 3, 2, 2, 3, 3, 1, 2, 2, 1, 3, 2,
        1, 1, 1, 1, 2, 2, 3, 2, 1, 2, 2, 3, 1, 3, 2, 3, 1, 3, 1, 1, 3, 2, 1, 2,
        3, 3, 2, 1, 2, 3, 1, 2, 1, 2, 2, 1, 2, 1, 3, 2, 2, 3, 2, 2, 2, 2, 2, 3,
        3, 3, 3, 2, 1, 1, 2, 2, 3, 3, 3, 1, 1, 1, 3, 2, 2, 3, 3, 3, 1, 2, 2, 2,
        2, 2, 1, 1, 3, 3, 2, 2, 3, 2, 3, 1, 3, 2, 2, 3, 2, 2, 3, 2, 2, 2, 2, 1,
        2, 3, 1, 3, 3, 3, 2, 1, 2, 1, 2, 2, 3, 3, 2, 3, 2, 2, 3, 3, 3, 3, 2, 3,
        1, 3, 3, 2, 2, 1, 2, 2, 3, 2, 2, 2, 3, 1, 2, 2, 1, 1, 2, 1, 2, 2, 1, 1,
        3, 3, 1, 2, 3, 3, 3, 3, 2, 2, 1, 2, 3, 2, 1, 3, 2, 2, 2, 2, 2, 3, 2, 1,
        2, 3, 3, 1, 2, 2, 1, 3, 2, 2, 3, 3, 3, 1, 3, 2, 1, 3, 2, 2, 2, 1, 1, 2,
        2, 2, 3, 3, 3, 2, 2, 2, 1, 3, 2, 2, 1, 1, 2, 1, 3, 2, 1, 2, 3, 2, 1, 2,
        1, 1, 3, 1, 2, 2, 3, 2, 2, 2, 2, 2, 2, 2, 2, 3, 3, 2, 1, 1, 2, 1, 1, 3,
        2, 3, 2, 1, 1, 1, 2, 1, 1, 3, 2, 2, 3, 1, 1, 2, 1, 3, 3, 3, 2, 3, 3, 2,
        3, 1, 2, 2, 2, 2, 2, 1, 2, 1, 3, 1, 1, 1, 3, 1, 1, 3, 1, 2, 3, 2, 2, 3,
        3, 1, 2, 3, 2, 3, 3, 2, 3, 3, 3, 3, 3, 2, 2, 3, 3, 1, 2, 2, 3, 2, 2, 2,
        2, 3, 2, 2, 2, 2, 2, 1, 1, 2, 1, 2, 1, 3, 1, 3, 2, 2, 1, 3, 2, 1, 2, 3,
        3, 2, 2, 2, 1, 1, 2, 2, 1, 1, 2, 3, 3, 1, 2, 1, 2, 2, 2, 3, 1, 1, 1, 1,
        2, 1, 3, 3, 2, 2, 2, 2, 2, 1, 2, 3, 1, 2, 2, 2, 1, 3, 2, 3, 2, 3, 2, 3,
        2, 3, 2, 3, 2, 3, 2, 2, 2, 3, 2, 1, 1, 2, 2, 2, 3, 2, 3, 3, 2, 2, 3, 3,
        2, 2, 2, 3, 3, 3, 1, 2, 2, 2, 3, 2, 3, 1, 1, 1, 1, 2, 3],
       device='cuda:0')
Edge 0.08022491608441538

irBoost.SH training: Iteration 3/10.
Sample weights: 1        0.000109
2        0.000109
4        0.000109
5        0.000109
6        0.000109
           ...   
11501    0.000109
11502    0.000109
11503    0.000109
11504    0.000109
11505    0.000109
Length: 9206, dtype: float64
q_mods: clinical    0.499907
images      0.500093
Winning modality: images.
Model architecture: NeuralNetworkFitter.
START Training images modality...
Unfreezed
Epoca 1/100, Loss: 1.0690571069717407
Epoca 2/100, Loss: 1.149819016456604
Epoca 3/100, Loss: 1.0773038864135742
Epoca 4/100, Loss: 1.0862927436828613
Epoca 5/100, Loss: 1.0402169227600098
Epoca 6/100, Loss: 1.0070205926895142
Epoca 7/100, Loss: 0.9180766344070435
Epoca 8/100, Loss: 1.1268337965011597
Epoca 9/100, Loss: 1.129547119140625
Epoca 10/100, Loss: 1.0735664367675781
Epoca 11/100, Loss: 1.0192327499389648
Epoca 12/100, Loss: 1.024202823638916
Epoca 13/100, Loss: 1.1327126026153564
Epoca 14/100, Loss: 1.0527979135513306
Epoca 15/100, Loss: 1.0171000957489014
Epoca 16/100, Loss: 1.1103554964065552
Epoca 17/100, Loss: 1.0199205875396729
Epoca 18/100, Loss: 1.0081132650375366
Epoca 19/100, Loss: 1.0298408269882202
Epoca 20/100, Loss: 1.005799651145935
Epoca 21/100, Loss: 0.9930960536003113
Epoca 22/100, Loss: 1.0249791145324707
Epoca 23/100, Loss: 0.9082542657852173
Epoca 24/100, Loss: 1.036767601966858
Epoca 25/100, Loss: 0.9285421371459961
Epoca 26/100, Loss: 0.9413791298866272
Epoca 27/100, Loss: 0.9199949502944946
Epoca 28/100, Loss: 0.899543821811676
Epoca 29/100, Loss: 1.1372913122177124
Epoca 30/100, Loss: 0.8911194801330566
Epoca 31/100, Loss: 0.9789134860038757
Epoca 32/100, Loss: 0.7990962266921997
Epoca 33/100, Loss: 0.9606478214263916
Epoca 34/100, Loss: 1.060991644859314
Epoca 35/100, Loss: 1.0573451519012451
Epoca 36/100, Loss: 0.8514681458473206
Epoca 37/100, Loss: 0.9418134093284607
Epoca 38/100, Loss: 0.938048779964447
Epoca 39/100, Loss: 0.9928818345069885
Epoca 40/100, Loss: 0.837319016456604
Epoca 41/100, Loss: 0.8474383354187012
Epoca 42/100, Loss: 0.9289231896400452
Epoca 43/100, Loss: 1.0358726978302002
Epoca 44/100, Loss: 0.852810800075531
Epoca 45/100, Loss: 0.7878410816192627
Epoca 46/100, Loss: 0.6895765066146851
Epoca 47/100, Loss: 0.8852222561836243
Epoca 48/100, Loss: 0.7582908272743225
Epoca 49/100, Loss: 0.903651237487793
Epoca 50/100, Loss: 0.71965491771698
Epoca 51/100, Loss: 0.5402141809463501
Epoca 52/100, Loss: 0.8457128405570984
Epoca 53/100, Loss: 0.5884890556335449
Epoca 54/100, Loss: 0.6829419732093811
Epoca 55/100, Loss: 0.7344925999641418
Epoca 56/100, Loss: 1.1395705938339233
Epoca 57/100, Loss: 0.629925012588501
Epoca 58/100, Loss: 1.013983130455017
Epoca 59/100, Loss: 0.6469898223876953
Epoca 60/100, Loss: 0.6271193623542786
Epoca 61/100, Loss: 0.72303706407547
Epoca 62/100, Loss: 0.4824663996696472
Epoca 63/100, Loss: 0.5121559500694275
Epoca 64/100, Loss: 0.5411884188652039
Epoca 65/100, Loss: 0.5396353006362915
Epoca 66/100, Loss: 1.4153372049331665
Epoca 67/100, Loss: 0.6431646347045898
Epoca 68/100, Loss: 0.45722463726997375
Epoca 69/100, Loss: 0.613135039806366
Epoca 70/100, Loss: 0.4299340546131134
Epoca 71/100, Loss: 0.5165534615516663
Epoca 72/100, Loss: 0.3999408185482025
Epoca 73/100, Loss: 0.9837831258773804
Epoca 74/100, Loss: 0.8025458455085754
Epoca 75/100, Loss: 0.4602198898792267
Epoca 76/100, Loss: 0.5824555158615112
Epoca 77/100, Loss: 0.4940468370914459
Epoca 78/100, Loss: 0.542493462562561
Epoca 79/100, Loss: 0.37415698170661926
Epoca 80/100, Loss: 0.24495668709278107
Epoca 81/100, Loss: 0.3617573082447052
Epoca 82/100, Loss: 0.5401034951210022
Epoca 83/100, Loss: 0.6903761625289917
Epoca 84/100, Loss: 0.3005343973636627
Epoca 85/100, Loss: 0.21735092997550964
Epoca 86/100, Loss: 0.19153425097465515
Epoca 87/100, Loss: 0.30839303135871887
Epoca 88/100, Loss: 0.14804747700691223
Epoca 89/100, Loss: 0.12602315843105316
Epoca 90/100, Loss: 0.19532114267349243
Epoca 91/100, Loss: 0.10780113190412521
Epoca 92/100, Loss: 0.23852744698524475
Epoca 93/100, Loss: 1.0280461311340332
Epoca 94/100, Loss: 0.24002628028392792
Epoca 95/100, Loss: 0.10699184983968735
Epoca 96/100, Loss: 0.6312084197998047
Epoca 97/100, Loss: 0.10715014487504959
Epoca 98/100, Loss: 0.05933891609311104
Epoca 99/100, Loss: 0.1114993542432785
Epoca 100/100, Loss: 0.12562206387519836
END Training images modality...
tensor([[6.8033e-04, 3.9191e-01, 6.0741e-01],
        [6.0665e-02, 7.9127e-01, 1.4806e-01],
        [8.1023e-06, 1.2645e-01, 8.7354e-01],
        ...,
        [9.9977e-01, 2.2876e-04, 1.6850e-08],
        [4.5621e-03, 6.9822e-01, 2.9722e-01],
        [5.1966e-07, 9.9139e-01, 8.6137e-03]], device='cuda:0')
Forecast: tensor([3, 2, 3, 2, 1, 1, 2, 1, 3, 3, 2, 2, 1, 1, 3, 3, 3, 3, 3, 2, 2, 3, 2, 2,
        3, 1, 2, 2, 1, 2, 3, 1, 3, 3, 2, 2, 1, 2, 3, 3, 3, 3, 1, 2, 2, 2, 3, 2,
        3, 1, 2, 2, 2, 3, 2, 2, 3, 3, 3, 3, 1, 3, 3, 2, 2, 2, 3, 3, 3, 2, 3, 1,
        2, 1, 1, 1, 3, 3, 1, 2, 2, 1, 3, 3, 2, 3, 1, 3, 1, 2, 3, 3, 2, 1, 1, 1,
        3, 2, 1, 2, 3, 2, 2, 2, 1, 2, 1, 1, 3, 1, 2, 3, 3, 3, 3, 2, 1, 1, 2, 2,
        3, 2, 3, 3, 1, 2, 2, 2, 3, 2, 3, 1, 3, 3, 2, 3, 3, 3, 1, 2, 2, 1, 2, 2,
        1, 1, 1, 2, 2, 2, 2, 2, 1, 2, 3, 2, 1, 3, 1, 2, 1, 3, 1, 1, 3, 2, 1, 2,
        2, 3, 2, 2, 2, 3, 1, 2, 2, 3, 3, 1, 3, 1, 3, 2, 3, 3, 2, 2, 2, 2, 3, 3,
        3, 3, 3, 3, 1, 2, 2, 3, 2, 3, 3, 1, 2, 1, 2, 1, 3, 3, 3, 3, 2, 3, 2, 2,
        2, 1, 2, 1, 3, 2, 2, 3, 3, 2, 2, 1, 2, 3, 2, 3, 2, 2, 3, 2, 3, 3, 2, 1,
        2, 3, 2, 2, 3, 2, 2, 1, 3, 1, 2, 2, 3, 3, 2, 3, 2, 2, 3, 2, 3, 2, 2, 2,
        1, 3, 3, 2, 3, 2, 3, 2, 3, 2, 3, 3, 3, 1, 2, 2, 2, 2, 2, 1, 2, 3, 1, 2,
        3, 2, 2, 3, 3, 2, 3, 3, 2, 2, 1, 2, 3, 2, 1, 2, 2, 2, 2, 3, 2, 3, 3, 1,
        2, 3, 3, 2, 1, 2, 2, 3, 3, 3, 3, 3, 3, 1, 3, 3, 2, 2, 2, 3, 3, 2, 1, 2,
        2, 3, 2, 2, 3, 2, 1, 2, 1, 3, 3, 2, 2, 2, 2, 1, 2, 2, 1, 2, 3, 3, 1, 2,
        1, 1, 3, 1, 2, 3, 2, 1, 2, 2, 2, 3, 2, 2, 2, 3, 3, 2, 2, 1, 3, 1, 1, 3,
        2, 3, 2, 1, 1, 1, 2, 1, 1, 3, 2, 3, 3, 2, 1, 2, 1, 3, 3, 3, 2, 2, 3, 2,
        3, 1, 2, 2, 2, 2, 2, 1, 2, 1, 3, 1, 1, 2, 3, 1, 1, 3, 1, 3, 3, 2, 3, 3,
        3, 1, 2, 2, 2, 2, 3, 3, 3, 3, 3, 3, 3, 2, 2, 2, 3, 1, 2, 3, 3, 3, 2, 3,
        2, 3, 2, 2, 2, 1, 2, 1, 1, 2, 2, 2, 1, 2, 1, 2, 3, 2, 1, 3, 2, 1, 3, 3,
        3, 2, 2, 2, 1, 2, 2, 2, 1, 1, 2, 3, 2, 2, 2, 2, 2, 3, 3, 2, 1, 2, 1, 3,
        2, 1, 3, 2, 3, 3, 3, 2, 2, 1, 3, 2, 1, 1, 3, 2, 1, 3, 2, 3, 2, 3, 3, 3,
        2, 3, 3, 2, 3, 2, 2, 1, 2, 3, 2, 2, 1, 2, 2, 2, 3, 2, 2, 3, 2, 2, 3, 3,
        2, 2, 3, 3, 3, 3, 1, 3, 2, 3, 3, 2, 3, 1, 1, 1, 1, 2, 2],
       device='cuda:0')
Edge 0.048350479993776264

irBoost.SH training: Iteration 4/10.
Sample weights: 1        0.00011
2        0.00011
4        0.00011
5        0.00011
6        0.00011
          ...   
11501    0.00011
11502    0.00011
11503    0.00011
11504    0.00011
11505    0.00011
Length: 9206, dtype: float64
q_mods: clinical    0.499887
images      0.500113
Winning modality: clinical.
Model architecture: RandomForestClassifier.
START Training clinical modality...
END Training clinical modality...
RandomForest Training accuracy: 0.85
Forecast: [2. 1. 2. ... 2. 1. 1.]
Edge 1.1938039595162633

irBoost.SH training: Iteration 5/10.
Sample weights: 1        6.082282e-08
2        6.082282e-08
4        6.082282e-08
5        6.082282e-08
6        6.082282e-08
             ...     
11501    6.082282e-08
11502    6.082282e-08
11503    6.082282e-08
11504    1.339712e-03
11505    1.339712e-03
Length: 9206, dtype: float64
q_mods: clinical    0.517377
images      0.482623
Winning modality: clinical.
Model architecture: RandomForestClassifier.
START Training clinical modality...
END Training clinical modality...
RandomForest Training accuracy: 0.97
Forecast: [1. 2. 2. ... 1. 1. 1.]
Edge 1.4346925977339469

irBoost.SH training: Iteration 6/10.
Sample weights: 1        1.803197e-11
2        1.803197e-11
4        1.803197e-11
5        1.803197e-11
6        3.971805e-07
             ...     
11501    1.803197e-11
11502    1.803197e-11
11503    3.971805e-07
11504    3.971805e-07
11505    3.971805e-07
Length: 9206, dtype: float64
q_mods: clinical    0.534153
images      0.465847
Winning modality: clinical.
Model architecture: RandomForestClassifier.
START Training clinical modality...
END Training clinical modality...
RandomForest Training accuracy: 0.98
Forecast: [2. 1. 2. ... 2. 1. 1.]
Edge 1.4542104749087854

irBoost.SH training: Iteration 7/10.
Sample weights: 1        2.503699e-14
2        2.503699e-14
4        2.503699e-14
5        2.503699e-14
6        5.514765e-10
             ...     
11501    5.514765e-10
11502    5.514765e-10
11503    5.514765e-10
11504    5.514765e-10
11505    1.214708e-05
Length: 9206, dtype: float64
q_mods: clinical    0.550214
images      0.449786
Winning modality: clinical.
Model architecture: RandomForestClassifier.
START Training clinical modality...
END Training clinical modality...
RandomForest Training accuracy: 1.00
Forecast: [1. 1. 2. ... 1. 1. 1.]
Edge 1.4976130999229729

irBoost.SH training: Iteration 8/10.
Sample weights: 1        4.955192e-17
2        1.091454e-12
4        4.955192e-17
5        1.091454e-12
6        2.404087e-08
             ...     
11501    1.091454e-12
11502    1.091454e-12
11503    2.404087e-08
11504    2.404087e-08
11505    2.404087e-08
Length: 9206, dtype: float64
q_mods: clinical    0.565563
images      0.434437
Winning modality: images.
Model architecture: NeuralNetworkFitter.
START Training images modality...
Unfreezed
Epoca 1/100, Loss: 7.009037744865054e-06
Epoca 2/100, Loss: 1.714072459435556e-05
Epoca 3/100, Loss: 1.8266120605403557e-05
Epoca 4/100, Loss: 7.600269782415126e-07
Epoca 5/100, Loss: 8.113482181215659e-05
Epoca 6/100, Loss: 1.1961981726926751e-05
Epoca 7/100, Loss: 2.6671636078390293e-05
Epoca 8/100, Loss: 2.4290276996907778e-05
Epoca 9/100, Loss: 0.00011940699914703146
Epoca 10/100, Loss: 2.620034501887858e-05
Epoca 11/100, Loss: 2.7529029466677457e-05
Epoca 12/100, Loss: 0.00024352266336791217
Epoca 13/100, Loss: 7.931177242426202e-05
Epoca 14/100, Loss: 0.00014969648327678442
Epoca 15/100, Loss: 0.0001774939155438915
Epoca 16/100, Loss: 6.946929352125153e-05
Epoca 17/100, Loss: 0.00015227431140374392
Epoca 18/100, Loss: 0.00012374971993267536
Epoca 19/100, Loss: 0.00017361028585582972
Epoca 20/100, Loss: 7.199448737083003e-05
Epoca 21/100, Loss: 0.0003872438974212855
Epoca 22/100, Loss: 0.00014200543228071183
Epoca 23/100, Loss: 0.00017615279648452997
Epoca 24/100, Loss: 0.00010379475861554965
Epoca 25/100, Loss: 0.0004725190519820899
Epoca 26/100, Loss: 4.192607957520522e-05
Epoca 27/100, Loss: 0.00038976731593720615
Epoca 28/100, Loss: 0.000258731102803722
Epoca 29/100, Loss: 0.0002846274874173105
Epoca 30/100, Loss: 0.00020241329912096262
Epoca 31/100, Loss: 0.00015305935812648386
Epoca 32/100, Loss: 0.0
Epoca 33/100, Loss: 0.0002010430471273139
Epoca 34/100, Loss: 1.2951792086823843e-05
Epoca 35/100, Loss: 0.00024147114891093224
Epoca 36/100, Loss: 1.6024912838474847e-05
Epoca 37/100, Loss: 0.00037938301102258265
Epoca 38/100, Loss: 0.0006057018181309104
Epoca 39/100, Loss: 0.00019211294420529157
Epoca 40/100, Loss: 0.0004623951099347323
Epoca 41/100, Loss: 7.850514942980835e-13
Epoca 42/100, Loss: 0.0003878737334161997
Epoca 43/100, Loss: 0.0
Epoca 44/100, Loss: 0.00026262830942869186
Epoca 45/100, Loss: 0.00019684789003804326
Epoca 46/100, Loss: 9.946610953193158e-05
Epoca 47/100, Loss: 4.906576243934348e-14
Epoca 48/100, Loss: 5.5542891459481325e-06
Epoca 49/100, Loss: 0.0007177923107519746
Epoca 50/100, Loss: 0.00045432825572788715
Epoca 51/100, Loss: 0.00018106246716342866
Epoca 52/100, Loss: 1.715324651740957e-05
Epoca 53/100, Loss: 2.145763937733136e-05
Epoca 54/100, Loss: 2.9742841434199363e-05
Epoca 55/100, Loss: 0.00014327361714094877
Epoca 56/100, Loss: 0.0
Epoca 57/100, Loss: 0.00012063676695106551
Epoca 58/100, Loss: 0.00029234500834718347
Epoca 59/100, Loss: 3.3422787964809686e-05
Epoca 60/100, Loss: 1.4063124581298325e-05
Epoca 61/100, Loss: 0.00027072030934505165
Epoca 62/100, Loss: 0.0001897808106150478
Epoca 63/100, Loss: 0.0004427072708494961
Epoca 64/100, Loss: 0.00022240166435949504
Epoca 65/100, Loss: 0.0002991841465700418
Epoca 66/100, Loss: 0.00020637395209632814
Epoca 67/100, Loss: 0.00028144134557805955
Epoca 68/100, Loss: 0.00012039414286846295
Epoca 69/100, Loss: 2.105675230268389e-05
Epoca 70/100, Loss: 1.104071725421818e-05
Epoca 71/100, Loss: 0.0004065011744387448
Epoca 72/100, Loss: 1.1885248568432871e-05
Epoca 73/100, Loss: 1.0435115655127447e-05
Epoca 74/100, Loss: 0.00019530660938471556
Epoca 75/100, Loss: 3.866165207000449e-05
Epoca 76/100, Loss: 0.0005981700960546732
Epoca 77/100, Loss: 0.00023979143588803709
Epoca 78/100, Loss: 0.00010871055565075949
Epoca 79/100, Loss: 0.000359568337444216
Epoca 80/100, Loss: 0.00017573835793882608
Epoca 81/100, Loss: 9.03458203538321e-05
Epoca 82/100, Loss: 9.664418757893145e-05
Epoca 83/100, Loss: 2.9856453693355434e-05
Epoca 84/100, Loss: 1.1432165110403236e-11
Epoca 85/100, Loss: 0.00015581739717163146
Epoca 86/100, Loss: 6.260714144445956e-05
Epoca 87/100, Loss: 6.633097655139863e-05
Epoca 88/100, Loss: 0.0006794122164137661
Epoca 89/100, Loss: 0.00041772480471991
Epoca 90/100, Loss: 8.885135321179405e-05
Epoca 91/100, Loss: 0.0010339710861444473
Epoca 92/100, Loss: 0.0012327238218858838
Epoca 93/100, Loss: 0.001060090959072113
Epoca 94/100, Loss: 0.0012039467692375183
Epoca 95/100, Loss: 0.0012052535312250257
Epoca 96/100, Loss: 0.0011851382441818714
Epoca 97/100, Loss: 0.0011358283227309585
Epoca 98/100, Loss: 0.0009099608287215233
Epoca 99/100, Loss: 0.0011828434653580189
Epoca 100/100, Loss: 0.0013225774746388197
END Training images modality...
tensor([[0., 1., 0.],
        [0., 1., 0.],
        [0., 1., 0.],
        ...,
        [0., 1., 0.],
        [0., 1., 0.],
        [0., 1., 0.]], device='cuda:0')
Forecast: tensor([2, 2, 2, 2, 2, 2, 2, 2, 2, 2, 2, 2, 2, 2, 2, 2, 2, 2, 2, 2, 2, 2, 2, 2,
        2, 2, 2, 2, 2, 2, 2, 2, 2, 2, 2, 2, 2, 2, 2, 2, 2, 2, 2, 2, 2, 2, 2, 2,
        2, 2, 2, 2, 2, 2, 2, 2, 2, 2, 2, 2, 2, 2, 2, 2, 2, 2, 2, 2, 2, 2, 2, 2,
        2, 2, 2, 2, 2, 2, 2, 2, 2, 2, 2, 2, 2, 2, 2, 2, 2, 2, 2, 2, 2, 2, 2, 2,
        2, 2, 2, 2, 2, 2, 2, 2, 2, 2, 2, 2, 2, 2, 2, 2, 2, 2, 2, 2, 2, 2, 2, 2,
        2, 2, 2, 2, 2, 2, 2, 2, 2, 2, 2, 2, 2, 2, 2, 2, 2, 2, 2, 2, 2, 2, 2, 2,
        2, 2, 2, 2, 2, 2, 2, 2, 2, 2, 2, 2, 2, 2, 2, 2, 2, 2, 2, 2, 2, 2, 2, 2,
        2, 2, 2, 2, 2, 2, 2, 2, 2, 2, 2, 2, 2, 2, 2, 2, 2, 2, 2, 2, 2, 2, 2, 2,
        2, 2, 2, 2, 2, 2, 2, 2, 2, 2, 2, 2, 2, 2, 2, 2, 2, 2, 2, 2, 2, 2, 2, 2,
        2, 2, 2, 2, 2, 2, 2, 2, 2, 2, 2, 2, 2, 2, 2, 2, 2, 2, 2, 2, 2, 2, 2, 2,
        2, 2, 2, 2, 2, 2, 2, 2, 2, 2, 2, 2, 2, 2, 2, 2, 2, 2, 2, 2, 2, 2, 2, 2,
        2, 2, 2, 2, 2, 2, 2, 2, 2, 2, 2, 2, 2, 2, 2, 2, 2, 2, 2, 2, 2, 2, 2, 2,
        2, 2, 2, 2, 2, 2, 2, 2, 2, 2, 2, 2, 2, 2, 2, 2, 2, 2, 2, 2, 2, 2, 2, 2,
        2, 2, 2, 2, 2, 2, 2, 2, 2, 2, 2, 2, 2, 2, 2, 2, 2, 2, 2, 2, 2, 2, 2, 2,
        2, 2, 2, 2, 2, 2, 2, 2, 2, 2, 2, 2, 2, 2, 2, 2, 2, 2, 2, 2, 2, 2, 2, 2,
        2, 2, 2, 2, 2, 2, 2, 2, 2, 2, 2, 2, 2, 2, 2, 2, 2, 2, 2, 2, 2, 2, 2, 2,
        2, 2, 2, 2, 2, 2, 2, 2, 2, 2, 2, 2, 2, 2, 2, 2, 2, 2, 2, 2, 2, 2, 2, 2,
        2, 2, 2, 2, 2, 2, 2, 2, 2, 2, 2, 2, 2, 2, 2, 2, 2, 2, 2, 2, 2, 2, 2, 2,
        2, 2, 2, 2, 2, 2, 2, 2, 2, 2, 2, 2, 2, 2, 2, 2, 2, 2, 2, 2, 2, 2, 2, 2,
        2, 2, 2, 2, 2, 2, 2, 2, 2, 2, 2, 2, 2, 2, 2, 2, 2, 2, 2, 2, 2, 2, 2, 2,
        2, 2, 2, 2, 2, 2, 2, 2, 2, 2, 2, 2, 2, 2, 2, 2, 2, 2, 2, 2, 2, 2, 2, 2,
        2, 2, 2, 2, 2, 2, 2, 2, 2, 2, 2, 2, 2, 2, 2, 2, 2, 2, 2, 2, 2, 2, 2, 2,
        2, 2, 2, 2, 2, 2, 2, 2, 2, 2, 2, 2, 2, 2, 2, 2, 2, 2, 2, 2, 2, 2, 2, 2,
        2, 2, 2, 2, 2, 2, 2, 2, 2, 2, 2, 2, 2, 2, 2, 2, 2, 2, 2],
       device='cuda:0')
Edge 0.12377431191969201

irBoost.SH training: Iteration 9/10.
Sample weights: 1        3.283406e-15
2        7.232183e-11
4        3.283406e-15
5        7.232183e-11
6        1.592994e-06
             ...     
11501    7.232183e-11
11502    7.232183e-11
11503    1.592994e-06
11504    1.592994e-06
11505    1.592994e-06
Length: 9206, dtype: float64
q_mods: clinical    0.565263
images      0.434737
Winning modality: images.
Model architecture: NeuralNetworkFitter.
START Training images modality...
Unfreezed
Epoca 1/100, Loss: 7.853818715375382e-06
Epoca 2/100, Loss: 9.792166565603111e-06
Epoca 3/100, Loss: 3.642330511866021e-06
Epoca 4/100, Loss: 2.0480743501138932e-07
Epoca 5/100, Loss: 3.768104943446815e-05
Epoca 6/100, Loss: 0.00011172040831297636
Epoca 7/100, Loss: 0.00014525791630148888
Epoca 8/100, Loss: 0.00013664847938343883
Epoca 9/100, Loss: 0.0001454336743336171
Epoca 10/100, Loss: 0.00011699214519467205
Epoca 11/100, Loss: 0.00026115679065696895
Epoca 12/100, Loss: 8.148805500240996e-05
Epoca 13/100, Loss: 1.5937474017846398e-05
Epoca 14/100, Loss: 6.579254841199145e-05
Epoca 15/100, Loss: 0.00039320753421634436
Epoca 16/100, Loss: 9.22975959838368e-05
Epoca 17/100, Loss: 6.299454253166914e-05
Epoca 18/100, Loss: 6.178728426675661e-07
Epoca 19/100, Loss: 0.0002888236485887319
Epoca 20/100, Loss: 2.114435483235866e-05
Epoca 21/100, Loss: 4.82944305986166e-05
Epoca 22/100, Loss: 0.0002237432199763134
Epoca 23/100, Loss: 0.0004693093942478299
Epoca 24/100, Loss: 0.00016526442777831107
Epoca 25/100, Loss: 0.00011491924669826403
Epoca 26/100, Loss: 9.28961017052643e-05
Epoca 27/100, Loss: 0.0004913078737445176
Epoca 28/100, Loss: 0.000224345872993581
Epoca 29/100, Loss: 0.00016381470777560025
Epoca 30/100, Loss: 0.00010532539454288781
Epoca 31/100, Loss: 0.0003436055558267981
Epoca 32/100, Loss: 4.088538116775453e-05
Epoca 33/100, Loss: 0.00030978056020103395
Epoca 34/100, Loss: 0.000292362121399492
Epoca 35/100, Loss: 0.0003796420933213085
Epoca 36/100, Loss: 0.00032197812106460333
Epoca 37/100, Loss: 0.0006323237321339548
Epoca 38/100, Loss: 7.176843791967258e-05
Epoca 39/100, Loss: 0.00031242964905686677
Epoca 40/100, Loss: 0.0
Epoca 41/100, Loss: 0.0019629858434200287
Epoca 42/100, Loss: 0.0018413355574011803
Epoca 43/100, Loss: 0.0014124378794804215
Epoca 44/100, Loss: 0.0010610739700496197
Epoca 45/100, Loss: 0.000973206537310034
Epoca 46/100, Loss: 0.002180403331294656
Epoca 47/100, Loss: 0.0020008820574730635
Epoca 48/100, Loss: 0.0012374907964840531
Epoca 49/100, Loss: 0.0003166307578794658
Epoca 50/100, Loss: 0.0012932198587805033
Epoca 51/100, Loss: 0.0010973112657666206
Epoca 52/100, Loss: 0.0019221826223656535
Epoca 53/100, Loss: 0.0017548010218888521
Epoca 54/100, Loss: 0.00204773573204875
Epoca 55/100, Loss: 0.001576591283082962
Epoca 56/100, Loss: 0.0029789733234792948
Epoca 57/100, Loss: 0.002112386981025338
Epoca 58/100, Loss: 0.00134441745467484
Epoca 59/100, Loss: 0.00016011064872145653
Epoca 60/100, Loss: 0.001393114565871656
Epoca 61/100, Loss: 0.0015803963178768754
Epoca 62/100, Loss: 0.0024352010805159807
Epoca 63/100, Loss: 0.0010084162931889296
Epoca 64/100, Loss: 0.0003476711572147906
Epoca 65/100, Loss: 0.0005929159815423191
Epoca 66/100, Loss: 0.0008282315684482455
Epoca 67/100, Loss: 9.008303095470183e-06
Epoca 68/100, Loss: 0.0020736532751470804
Epoca 69/100, Loss: 0.000794668507296592
Epoca 70/100, Loss: 0.0014267575461417437
Epoca 71/100, Loss: 0.0023364766966551542
Epoca 72/100, Loss: 0.0025048768147826195
Epoca 73/100, Loss: 0.0013111168518662453
Epoca 74/100, Loss: 0.0016566984122619033
Epoca 75/100, Loss: 0.002718365052714944
Epoca 76/100, Loss: 0.0015846373280510306
Epoca 77/100, Loss: 0.0009668428101576865
Epoca 78/100, Loss: 0.0027336732018738985
Epoca 79/100, Loss: 0.0009888814529404044
Epoca 80/100, Loss: 0.0010476949391886592
Epoca 81/100, Loss: 0.0010409895330667496
Epoca 82/100, Loss: 0.000623348169028759
Epoca 83/100, Loss: 0.0009787514572963119
Epoca 84/100, Loss: 0.001020774245262146
Epoca 85/100, Loss: 0.0007948504062369466
Epoca 86/100, Loss: 0.0005498981336131692
Epoca 87/100, Loss: 0.0005804285174235702
Epoca 88/100, Loss: 0.0017371325520798564
Epoca 89/100, Loss: 0.0006849062046967447
Epoca 90/100, Loss: 0.0027522651944309473
Epoca 91/100, Loss: 0.0010423366911709309
Epoca 92/100, Loss: 0.0014424399705603719
Epoca 93/100, Loss: 0.00036528415512293577
Epoca 94/100, Loss: 0.0019679029937833548
Epoca 95/100, Loss: 0.0022167684510350227
Epoca 96/100, Loss: 0.0021519502624869347
Epoca 97/100, Loss: 0.0028846038039773703
Epoca 98/100, Loss: 0.0034899816382676363
Epoca 99/100, Loss: 0.0028583467938005924
Epoca 100/100, Loss: 0.001754953758791089
END Training images modality...
tensor([[0., 1., 0.],
        [0., 1., 0.],
        [0., 1., 0.],
        ...,
        [0., 1., 0.],
        [0., 1., 0.],
        [0., 1., 0.]], device='cuda:0')
Forecast: tensor([2, 2, 2, 2, 2, 2, 2, 2, 2, 2, 2, 2, 2, 2, 2, 2, 2, 2, 2, 2, 2, 2, 2, 2,
        2, 2, 2, 2, 2, 2, 2, 2, 2, 2, 2, 2, 2, 2, 2, 2, 2, 2, 2, 2, 2, 2, 2, 2,
        2, 2, 2, 2, 2, 2, 2, 2, 2, 2, 2, 2, 2, 2, 2, 2, 2, 2, 2, 2, 2, 2, 2, 2,
        2, 2, 2, 2, 2, 2, 2, 2, 2, 2, 2, 2, 2, 2, 2, 2, 2, 2, 2, 2, 2, 2, 2, 2,
        2, 2, 2, 2, 2, 2, 2, 2, 2, 2, 2, 2, 2, 2, 2, 2, 2, 2, 2, 2, 2, 2, 2, 2,
        2, 2, 2, 2, 2, 2, 2, 2, 2, 2, 2, 2, 2, 2, 2, 2, 2, 2, 2, 2, 2, 2, 2, 2,
        2, 2, 2, 2, 2, 2, 2, 2, 2, 2, 2, 2, 2, 2, 2, 2, 2, 2, 2, 2, 2, 2, 2, 2,
        2, 2, 2, 2, 2, 2, 2, 2, 2, 2, 2, 2, 2, 2, 2, 2, 2, 2, 2, 2, 2, 2, 2, 2,
        2, 2, 2, 2, 2, 2, 2, 2, 2, 2, 2, 2, 2, 2, 2, 2, 2, 2, 2, 2, 2, 2, 2, 2,
        2, 2, 2, 2, 2, 2, 2, 2, 2, 2, 2, 2, 2, 2, 2, 2, 2, 2, 2, 2, 2, 2, 2, 2,
        2, 2, 2, 2, 2, 2, 2, 2, 2, 2, 2, 2, 2, 2, 2, 2, 2, 2, 2, 2, 2, 2, 2, 2,
        2, 2, 2, 2, 2, 2, 2, 2, 2, 2, 2, 2, 2, 2, 2, 2, 2, 2, 2, 2, 2, 2, 2, 2,
        2, 2, 2, 2, 2, 2, 2, 2, 2, 2, 2, 2, 2, 2, 2, 2, 2, 2, 2, 2, 2, 2, 2, 2,
        2, 2, 2, 2, 2, 2, 2, 2, 2, 2, 2, 2, 2, 2, 2, 2, 2, 2, 2, 2, 2, 2, 2, 2,
        2, 2, 2, 2, 2, 2, 2, 2, 2, 2, 2, 2, 2, 2, 2, 2, 2, 2, 2, 2, 2, 2, 2, 2,
        2, 2, 2, 2, 2, 2, 2, 2, 2, 2, 2, 2, 2, 2, 2, 2, 2, 2, 2, 2, 2, 2, 2, 2,
        2, 2, 2, 2, 2, 2, 2, 2, 2, 2, 2, 2, 2, 2, 2, 2, 2, 2, 2, 2, 2, 2, 2, 2,
        2, 2, 2, 2, 2, 2, 2, 2, 2, 2, 2, 2, 2, 2, 2, 2, 2, 2, 2, 2, 2, 2, 2, 2,
        2, 2, 2, 2, 2, 2, 2, 2, 2, 2, 2, 2, 2, 2, 2, 2, 2, 2, 2, 2, 2, 2, 2, 2,
        2, 2, 2, 2, 2, 2, 2, 2, 2, 2, 2, 2, 2, 2, 2, 2, 2, 2, 2, 2, 2, 2, 2, 2,
        2, 2, 2, 2, 2, 2, 2, 2, 2, 2, 2, 2, 2, 2, 2, 2, 2, 2, 2, 2, 2, 2, 2, 2,
        2, 2, 2, 2, 2, 2, 2, 2, 2, 2, 2, 2, 2, 2, 2, 2, 2, 2, 2, 2, 2, 2, 2, 2,
        2, 2, 2, 2, 2, 2, 2, 2, 2, 2, 2, 2, 2, 2, 2, 2, 2, 2, 2, 2, 2, 2, 2, 2,
        2, 2, 2, 2, 2, 2, 2, 2, 2, 2, 2, 2, 2, 2, 2, 2, 2, 2, 2],
       device='cuda:0')
Edge 0.1041532941853996

irBoost.SH training: Iteration 10/10.
Sample weights: 1        3.330184e-15
2        7.335219e-11
4        3.330184e-15
5        7.335219e-11
6        1.615690e-06
             ...     
11501    7.335219e-11
11502    7.335219e-11
11503    1.615690e-06
11504    1.615690e-06
11505    1.615690e-06
Length: 9206, dtype: float64
q_mods: clinical    0.565006
images      0.434994
Winning modality: images.
Model architecture: NeuralNetworkFitter.
START Training images modality...
Unfreezed
Epoca 1/100, Loss: 8.480030373902991e-06
Epoca 2/100, Loss: 7.343016932281898e-06
Epoca 3/100, Loss: 8.604978916082473e-07
Epoca 4/100, Loss: 1.7985568774747662e-05
Epoca 5/100, Loss: 1.5595349395880476e-05
Epoca 6/100, Loss: 0.00017105649749282748
Epoca 7/100, Loss: 0.0001661522692302242
Epoca 8/100, Loss: 8.970991621026769e-05
Epoca 9/100, Loss: 0.00043780248961411417
Epoca 10/100, Loss: 0.0001626622542971745
Epoca 11/100, Loss: 0.00016817761934362352
Epoca 12/100, Loss: 3.6820387322222814e-05
Epoca 13/100, Loss: 0.000310059665935114
Epoca 14/100, Loss: 0.00019460626936051995
Epoca 15/100, Loss: 0.0006095420685596764
Epoca 16/100, Loss: 0.0002591534866951406
Epoca 17/100, Loss: 0.0006663522217422724
Epoca 18/100, Loss: 0.00017597884288989007
Epoca 19/100, Loss: 0.0
Epoca 20/100, Loss: 0.00010358242434449494
Epoca 21/100, Loss: 0.0005942218122072518
Epoca 22/100, Loss: 9.094495823092075e-08
Epoca 23/100, Loss: 0.0007447214447893202
Epoca 24/100, Loss: 0.0006164800724945962
Epoca 25/100, Loss: 0.0004466555255930871
Epoca 26/100, Loss: 8.605120092397556e-05
Epoca 27/100, Loss: 0.0003891734522767365
Epoca 28/100, Loss: 0.00011276180885033682
Epoca 29/100, Loss: 0.0006976884324103594
Epoca 30/100, Loss: 0.0007410647231154144
Epoca 31/100, Loss: 0.0
Epoca 32/100, Loss: 0.0006655664183199406
Epoca 33/100, Loss: 0.001078808680176735
Epoca 34/100, Loss: 0.0013003204949200153
Epoca 35/100, Loss: 0.0006272517493925989
Epoca 36/100, Loss: 0.0
Epoca 37/100, Loss: 0.002085189800709486
Epoca 38/100, Loss: 0.0009934824192896485
Epoca 39/100, Loss: 2.8825750632677227e-05
Epoca 40/100, Loss: 0.0009672858286648989
Epoca 41/100, Loss: 0.0
Epoca 42/100, Loss: 0.00016193807823583484
Epoca 43/100, Loss: 0.0
Epoca 44/100, Loss: 0.0006553604616783559
Epoca 45/100, Loss: 0.001835671835578978
Epoca 46/100, Loss: 0.0025934651494026184
Epoca 47/100, Loss: 0.001689779106527567
Epoca 48/100, Loss: 0.0014420261140912771
Epoca 49/100, Loss: 0.0006228023557923734
Epoca 50/100, Loss: 0.0005190188530832529
Epoca 51/100, Loss: 2.7886237148777582e-05
Epoca 52/100, Loss: 0.0
Epoca 53/100, Loss: 0.0025483842473477125
Epoca 54/100, Loss: 0.0023154662922024727
Epoca 55/100, Loss: 0.0009582086931914091
Epoca 56/100, Loss: 0.0001745471527101472
Epoca 57/100, Loss: 0.0012935965787619352
Epoca 58/100, Loss: 0.00113469990901649
Epoca 59/100, Loss: 0.0008040062384679914
Epoca 60/100, Loss: 0.0014342998620122671
Epoca 61/100, Loss: 0.0035068036522716284
Epoca 62/100, Loss: 0.0033928854390978813
Epoca 63/100, Loss: 0.0037358454428613186
Epoca 64/100, Loss: 0.0016110660508275032
Epoca 65/100, Loss: 0.0013294894015416503
Epoca 66/100, Loss: 0.0028724242001771927
Epoca 67/100, Loss: 0.000373339542420581
Epoca 68/100, Loss: 0.0016439373139292002
Epoca 69/100, Loss: 0.002909643342718482
Epoca 70/100, Loss: 0.0017203193856403232
Epoca 71/100, Loss: 0.002312207128852606
Epoca 72/100, Loss: 0.0007662010029889643
Epoca 73/100, Loss: 0.0021895570680499077
Epoca 74/100, Loss: 0.0014782665530219674
Epoca 75/100, Loss: 0.0003400560817681253
Epoca 76/100, Loss: 0.003497365163639188
Epoca 77/100, Loss: 0.0027004689909517765
Epoca 78/100, Loss: 0.002019696868956089
Epoca 79/100, Loss: 0.003182564862072468
Epoca 80/100, Loss: 0.005006895866245031
Epoca 81/100, Loss: 0.0027168611995875835
Epoca 82/100, Loss: 0.003190578194335103
Epoca 83/100, Loss: 0.006756106857210398
Epoca 84/100, Loss: 0.0023732187692075968
Epoca 85/100, Loss: 0.0019990308210253716
Epoca 86/100, Loss: 0.001996392849832773
Epoca 87/100, Loss: 0.0008222298929467797
Epoca 88/100, Loss: 0.000631289032753557
Epoca 89/100, Loss: 0.0018724839901551604
Epoca 90/100, Loss: 0.0017325527733191848
Epoca 91/100, Loss: 0.0009818332036957145
Epoca 92/100, Loss: 0.0011951510095968843
Epoca 93/100, Loss: 0.0018172323470935225
Epoca 94/100, Loss: 0.0
Epoca 95/100, Loss: 0.003717241808772087
Epoca 96/100, Loss: 0.0
Epoca 97/100, Loss: 9.216861508321017e-05
Epoca 98/100, Loss: 0.0012361566768959165
Epoca 99/100, Loss: 0.0021560080349445343
Epoca 100/100, Loss: 0.002312025986611843
END Training images modality...
tensor([[0., 1., 0.],
        [0., 1., 0.],
        [0., 1., 0.],
        ...,
        [0., 1., 0.],
        [0., 1., 0.],
        [0., 1., 0.]], device='cuda:0')
Forecast: tensor([2, 2, 2, 2, 2, 2, 2, 2, 2, 2, 2, 2, 2, 2, 2, 2, 2, 2, 2, 2, 2, 2, 2, 2,
        2, 2, 2, 2, 2, 2, 2, 2, 2, 2, 2, 2, 2, 2, 2, 2, 2, 2, 2, 2, 2, 2, 2, 2,
        2, 2, 2, 2, 2, 2, 2, 2, 2, 2, 2, 2, 2, 2, 2, 2, 2, 2, 2, 2, 2, 2, 2, 2,
        2, 2, 2, 2, 2, 2, 2, 2, 2, 2, 2, 2, 2, 2, 2, 2, 2, 2, 2, 2, 2, 2, 2, 2,
        2, 2, 2, 2, 2, 2, 2, 2, 2, 2, 2, 2, 2, 2, 2, 2, 2, 2, 2, 2, 2, 2, 2, 2,
        2, 2, 2, 2, 2, 2, 2, 2, 2, 2, 2, 2, 2, 2, 2, 2, 2, 2, 2, 2, 2, 2, 2, 2,
        2, 2, 2, 2, 2, 2, 2, 2, 2, 2, 2, 2, 2, 2, 2, 2, 2, 2, 2, 2, 2, 2, 2, 2,
        2, 2, 2, 2, 2, 2, 2, 2, 2, 2, 2, 2, 2, 2, 2, 2, 2, 2, 2, 2, 2, 2, 2, 2,
        2, 2, 2, 2, 2, 2, 2, 2, 2, 2, 2, 2, 2, 2, 2, 2, 2, 2, 2, 2, 2, 2, 2, 2,
        2, 2, 2, 2, 2, 2, 2, 2, 2, 2, 2, 2, 2, 2, 2, 2, 2, 2, 2, 2, 2, 2, 2, 2,
        2, 2, 2, 2, 2, 2, 2, 2, 2, 2, 2, 2, 2, 2, 2, 2, 2, 2, 2, 2, 2, 2, 2, 2,
        2, 2, 2, 2, 2, 2, 2, 2, 2, 2, 2, 2, 2, 2, 2, 2, 2, 2, 2, 2, 2, 2, 2, 2,
        2, 2, 2, 2, 2, 2, 2, 2, 2, 2, 2, 2, 2, 2, 2, 2, 2, 2, 2, 2, 2, 2, 2, 2,
        2, 2, 2, 2, 2, 2, 2, 2, 2, 2, 2, 2, 2, 2, 2, 2, 2, 2, 2, 2, 2, 2, 2, 2,
        2, 2, 2, 2, 2, 2, 2, 2, 2, 2, 2, 2, 2, 2, 2, 2, 2, 2, 2, 2, 2, 2, 2, 2,
        2, 2, 2, 2, 2, 2, 2, 2, 2, 2, 2, 2, 2, 2, 2, 2, 2, 2, 2, 2, 2, 2, 2, 2,
        2, 2, 2, 2, 2, 2, 2, 2, 2, 2, 2, 2, 2, 2, 2, 2, 2, 2, 2, 2, 2, 2, 2, 2,
        2, 2, 2, 2, 2, 2, 2, 2, 2, 2, 2, 2, 2, 2, 2, 2, 2, 2, 2, 2, 2, 2, 2, 2,
        2, 2, 2, 2, 2, 2, 2, 2, 2, 2, 2, 2, 2, 2, 2, 2, 2, 2, 2, 2, 2, 2, 2, 2,
        2, 2, 2, 2, 2, 2, 2, 2, 2, 2, 2, 2, 2, 2, 2, 2, 2, 2, 2, 2, 2, 2, 2, 2,
        2, 2, 2, 2, 2, 2, 2, 2, 2, 2, 2, 2, 2, 2, 2, 2, 2, 2, 2, 2, 2, 2, 2, 2,
        2, 2, 2, 2, 2, 2, 2, 2, 2, 2, 2, 2, 2, 2, 2, 2, 2, 2, 2, 2, 2, 2, 2, 2,
        2, 2, 2, 2, 2, 2, 2, 2, 2, 2, 2, 2, 2, 2, 2, 2, 2, 2, 2, 2, 2, 2, 2, 2,
        2, 2, 2, 2, 2, 2, 2, 2, 2, 2, 2, 2, 2, 2, 2, 2, 2, 2, 2],
       device='cuda:0')
Edge 0.08993269798297904
Downloading artifacts:   0%|          | 0/1 [00:00<?, ?it/s]Downloading artifacts: 100%|â–ˆâ–ˆâ–ˆâ–ˆâ–ˆâ–ˆâ–ˆâ–ˆâ–ˆâ–ˆ| 1/1 [00:02<00:00,  2.54s/it]Downloading artifacts: 100%|â–ˆâ–ˆâ–ˆâ–ˆâ–ˆâ–ˆâ–ˆâ–ˆâ–ˆâ–ˆ| 1/1 [00:02<00:00,  2.54s/it]Downloading artifacts: 100%|â–ˆâ–ˆâ–ˆâ–ˆâ–ˆâ–ˆâ–ˆâ–ˆâ–ˆâ–ˆ| 1/1 [00:02<00:00,  2.54s/it]
[31m2025/04/03 20:49:22 WARNING mlflow.models.model: Model logged without a signature and input example. Please set `input_example` parameter when logging the model to auto infer the model signature.[0m
ðŸƒ View run bouncy-robin-888 at: https://mlflow.lutechdigitale.it/#/experiments/6/runs/cbe03a463a8647bd9d517bdbc5eb928f
ðŸ§ª View experiment at: https://mlflow.lutechdigitale.it/#/experiments/6
